<?xml version="1.0" encoding="UTF-8"?>
<!-- Generated by org.testng.reporters.JUnitReportReporter -->
<testsuite hostname="admin-PC" name="Calculator" tests="1" failures="0" timestamp="18 Jul 2016 20:05:05 GMT" time="8.757" errors="0">
  <testcase name="testCal" time="8.757" classname="Calculator"/>
</testsuite> <!-- Calculator -->
