<?xml version="1.0" encoding="UTF-8"?>
<!-- Generated by org.testng.reporters.JUnitReportReporter -->
<testsuite hostname="admin-PC" name="element_Storing" tests="1" failures="0" timestamp="19 Jun 2016 19:12:03 GMT" time="18.368" errors="0">
  <testcase name="demo1" time="18.368" classname="element_Storing"/>
</testsuite> <!-- element_Storing -->
